[crawler.csse.rose-hulman.edu/index.html]
[backblue.gif]
[fade.gif]
[index.html]
[crawler.csse.rose-hulman.edu/favicondbb2.ico]
[crawler.csse.rose-hulman.edu/stylesheets/applicationdbb2.css]
[crawler.csse.rose-hulman.edu/javascripts/effectsdbb2.js]
[crawler.csse.rose-hulman.edu/javascripts/dragdropdbb2.js]
[crawler.csse.rose-hulman.edu/javascripts/applicationdbb2.js]
[crawler.csse.rose-hulman.edu/javascripts/controlsdbb2.js]
[crawler.csse.rose-hulman.edu/projects/crawler/activity.atom]
[crawler.csse.rose-hulman.edu/login.html]
[crawler.csse.rose-hulman.edu/account/register.html]
[crawler.csse.rose-hulman.edu/projects.html]
[crawler.csse.rose-hulman.edu/search/index/crawler.html]
[crawler.csse.rose-hulman.edu/javascripts/prototypedbb2.js]
[crawler.csse.rose-hulman.edu/projects/crawler.html]
[crawler.csse.rose-hulman.edu/projects/crawler/activity.html]
[crawler.csse.rose-hulman.edu/projects/crawler/issues.html]
[crawler.csse.rose-hulman.edu/projects/crawler/issues/gantt.html]
[crawler.csse.rose-hulman.edu/projects/crawler/issues/calendar.html]
[crawler.csse.rose-hulman.edu/projects/crawler/news.html]
[crawler.csse.rose-hulman.edu/projects/crawler/documents.html]
[crawler.csse.rose-hulman.edu/projects/crawler/wiki.html]
[crawler.csse.rose-hulman.edu/projects/crawler/files.html]
[crawler.csse.rose-hulman.edu/projects/crawler/repository.15.delayed]
[crawler.csse.rose-hulman.edu/projects/crawler/time_entries.html]
[crawler.csse.rose-hulman.edu/projects/crawler/time_entries/report.html]
[crawler.csse.rose-hulman.edu/projects/crawler/issuese7d6.html]
[crawler.csse.rose-hulman.edu/projects/crawler/issues3a4e.html]
[crawler.csse.rose-hulman.edu/projects/crawler/issues7052.html]
[crawler.csse.rose-hulman.edu/projects/crawler/issuesa405.html]
[crawler.csse.rose-hulman.edu/users/4.html]
[crawler.csse.rose-hulman.edu/users/7.html]
[crawler.csse.rose-hulman.edu/users/6.html]
[crawler.csse.rose-hulman.edu/index.html]
[crawler.csse.rose-hulman.edu/users/5.html]
[crawler.csse.rose-hulman.edu/images/projects.png]
[crawler.csse.rose-hulman.edu/images/user.png]
[crawler.csse.rose-hulman.edu/images/group.png]
[crawler.csse.rose-hulman.edu/images/database_key.png]
[crawler.csse.rose-hulman.edu/images/ticket.png]
[crawler.csse.rose-hulman.edu/images/ticket_edit.png]
[crawler.csse.rose-hulman.edu/images/ticket_go.png]
[crawler.csse.rose-hulman.edu/images/textfield.png]
[crawler.csse.rose-hulman.edu/images/text_list_bullets.png]
[crawler.csse.rose-hulman.edu/images/changeset.png]
[crawler.csse.rose-hulman.edu/images/plugin.png]
[crawler.csse.rose-hulman.edu/images/help.png]
[crawler.csse.rose-hulman.edu/images/server_key.png]
[crawler.csse.rose-hulman.edu/images/openid-bg.gif]
[crawler.csse.rose-hulman.edu/images/bullet_arrow_right.png]
[crawler.csse.rose-hulman.edu/images/bullet_toggle_plus.png]
[crawler.csse.rose-hulman.edu/images/bullet_toggle_minus.png]
[crawler.csse.rose-hulman.edu/images/locked.png]
[crawler.csse.rose-hulman.edu/images/bullet_go.png]
[crawler.csse.rose-hulman.edu/images/link.png]
[crawler.csse.rose-hulman.edu/images/sort_asc.png]
[crawler.csse.rose-hulman.edu/images/sort_desc.png]
[crawler.csse.rose-hulman.edu/images/comment.png]
[crawler.csse.rose-hulman.edu/images/package.png]
[crawler.csse.rose-hulman.edu/images/news.png]
[crawler.csse.rose-hulman.edu/images/arrow_expanded.png]
[crawler.csse.rose-hulman.edu/images/arrow_collapsed.png]
[crawler.csse.rose-hulman.edu/images/ticket_checked.png]
[crawler.csse.rose-hulman.edu/images/ticket_note.png]
[crawler.csse.rose-hulman.edu/images/message.png]
[crawler.csse.rose-hulman.edu/images/comments.png]
[crawler.csse.rose-hulman.edu/images/wiki_edit.png]
[crawler.csse.rose-hulman.edu/images/attachment.png]
[crawler.csse.rose-hulman.edu/images/document.png]
[crawler.csse.rose-hulman.edu/images/time.png]
[crawler.csse.rose-hulman.edu/images/fav.png]
[crawler.csse.rose-hulman.edu/images/draft.png]
[crawler.csse.rose-hulman.edu/images/feed.png]
[crawler.csse.rose-hulman.edu/images/exclamation.png]
[crawler.csse.rose-hulman.edu/images/true.png]
[crawler.csse.rose-hulman.edu/images/warning.png]
[crawler.csse.rose-hulman.edu/images/loading.gif]
[crawler.csse.rose-hulman.edu/images/bullet_end.png]
[crawler.csse.rose-hulman.edu/images/bullet_diamond.png]
[crawler.csse.rose-hulman.edu/images/bullet_arrow_left.png]
[crawler.csse.rose-hulman.edu/images/external.png]
[crawler.csse.rose-hulman.edu/images/close.png]
[crawler.csse.rose-hulman.edu/images/close_hl.png]
[crawler.csse.rose-hulman.edu/images/task_late.png]
[crawler.csse.rose-hulman.edu/images/task_done.png]
[crawler.csse.rose-hulman.edu/images/task_todo.png]
[crawler.csse.rose-hulman.edu/images/task_parent_end.png]
[crawler.csse.rose-hulman.edu/images/milestone_late.png]
[crawler.csse.rose-hulman.edu/images/milestone_done.png]
[crawler.csse.rose-hulman.edu/images/milestone_todo.png]
[crawler.csse.rose-hulman.edu/images/version_marker.png]
[crawler.csse.rose-hulman.edu/images/project_marker.png]
[crawler.csse.rose-hulman.edu/images/add.png]
[crawler.csse.rose-hulman.edu/images/edit.png]
[crawler.csse.rose-hulman.edu/images/copy.png]
[crawler.csse.rose-hulman.edu/images/duplicate.png]
[crawler.csse.rose-hulman.edu/images/delete.png]
[crawler.csse.rose-hulman.edu/images/move.png]
[crawler.csse.rose-hulman.edu/images/save.png]
[crawler.csse.rose-hulman.edu/images/cancel.png]
[crawler.csse.rose-hulman.edu/images/table_multiple.png]
[crawler.csse.rose-hulman.edu/images/folder.png]
[crawler.csse.rose-hulman.edu/images/folder_open.png]
[crawler.csse.rose-hulman.edu/images/history.png]
[crawler.csse.rose-hulman.edu/images/time_add.png]
[crawler.csse.rose-hulman.edu/images/stats.png]
[crawler.csse.rose-hulman.edu/images/fav_off.png]
[crawler.csse.rose-hulman.edu/images/reload.png]
[crawler.csse.rose-hulman.edu/images/unlock.png]
[crawler.csse.rose-hulman.edu/images/zoom_in.png]
[crawler.csse.rose-hulman.edu/images/report.png]
[crawler.csse.rose-hulman.edu/images/lightning.png]
[crawler.csse.rose-hulman.edu/images/zoom_out.png]
[crawler.csse.rose-hulman.edu/images/files/default.png]
[crawler.csse.rose-hulman.edu/images/files/text.png]
[crawler.csse.rose-hulman.edu/images/files/c.png]
[crawler.csse.rose-hulman.edu/images/files/csharp.png]
[crawler.csse.rose-hulman.edu/images/files/php.png]
[crawler.csse.rose-hulman.edu/images/files/ruby.png]
[crawler.csse.rose-hulman.edu/images/files/xml.png]
[crawler.csse.rose-hulman.edu/images/files/image.png]
[crawler.csse.rose-hulman.edu/images/files/pdf.png]
[crawler.csse.rose-hulman.edu/stylesheets/applicationdbb2.css]
[crawler.csse.rose-hulman.edu/images/files/zip.png]
[crawler.csse.rose-hulman.edu/search.html]
[crawler.csse.rose-hulman.edu/login.html]
[crawler.csse.rose-hulman.edu/account/lost_password.html]
[crawler.csse.rose-hulman.edu/account/register.html]
[crawler.csse.rose-hulman.edu/projects.atom]
[crawler.csse.rose-hulman.edu/issues.html]
[crawler.csse.rose-hulman.edu/time_entries.html]
[crawler.csse.rose-hulman.edu/projects.html]
[crawler.csse.rose-hulman.edu/search/index/crawler.html]
[crawler.csse.rose-hulman.edu/projects/crawler.html]
[crawler.csse.rose-hulman.edu/activity.html]
[crawler.csse.rose-hulman.edu/projects/crawler/activityc28e.html]
[crawler.csse.rose-hulman.edu/projects/crawler/activitydfd0.html]
[crawler.csse.rose-hulman.edu/projects/crawler/activityb98e.html]
[crawler.csse.rose-hulman.edu/projects/crawler/activityd462.html]
[crawler.csse.rose-hulman.edu/projects/crawler/activity1f94.html]
[crawler.csse.rose-hulman.edu/projects/crawler/activity45d4.html]
[crawler.csse.rose-hulman.edu/projects/crawler/activity358f.html]
[crawler.csse.rose-hulman.edu/projects/crawler/activity6d28.html]
[crawler.csse.rose-hulman.edu/attachments/download/3/SecurityCrawler-MS2-DomainModel.pdf]
[crawler.csse.rose-hulman.edu/issues/17.html]
[crawler.csse.rose-hulman.edu/attachments/download/2/CrawlerDM.png]
[crawler.csse.rose-hulman.edu/projects/crawler/activity.html]
[crawler.csse.rose-hulman.edu/projects/crawler/activity1b17.html]
[crawler.csse.rose-hulman.edu/javascripts/select_list_movedbb2.js]
[crawler.csse.rose-hulman.edu/projects/crawler/issues6fb2.atom]
[crawler.csse.rose-hulman.edu/issues/changes4debhtml.html]
[crawler.csse.rose-hulman.edu/javascripts/context_menudbb2.js]
[crawler.csse.rose-hulman.edu/stylesheets/context_menudbb2.css]
[crawler.csse.rose-hulman.edu/projects/crawler/issues/report.html]
[crawler.csse.rose-hulman.edu/images/bullet_toggle_plusdbb2.png]
[crawler.csse.rose-hulman.edu/images/toggle_checkdbb2.png]
[crawler.csse.rose-hulman.edu/projects/crawler/issues8abe.html]
[crawler.csse.rose-hulman.edu/projects/crawler/issues1be0.html]
[crawler.csse.rose-hulman.edu/projects/crawler/issues3a91.html]
[crawler.csse.rose-hulman.edu/projects/crawler/issuese860.html]
[crawler.csse.rose-hulman.edu/projects/crawler/issuesfef0.html]
[crawler.csse.rose-hulman.edu/projects/crawler/issues3d91.html]
[crawler.csse.rose-hulman.edu/projects/crawler/issuesaccb.html]
[crawler.csse.rose-hulman.edu/issues/21.html]
[crawler.csse.rose-hulman.edu/issues/20.html]
