This file contains any messages produced by compilers while
running configure, to aid debugging if configure makes a mistake.

It was created by configure, which was
generated by GNU Autoconf 2.67.  Invocation command line was

  $ ./configure 

## --------- ##
## Platform. ##
## --------- ##

hostname = siegleal-1
uname -m = x86_64
uname -r = 3.0-ARCH
uname -s = Linux
uname -v = #1 SMP PREEMPT Tue Aug 30 08:53:25 CEST 2011

/usr/bin/uname -p = unknown
/bin/uname -X     = unknown

/bin/arch              = x86_64
/usr/bin/arch -k       = unknown
/usr/convex/getsysinfo = unknown
/usr/bin/hostinfo      = unknown
/bin/machine           = unknown
/usr/bin/oslevel       = unknown
/bin/universe          = unknown

PATH: /usr/local/bin
PATH: /usr/bin
PATH: /bin
PATH: /usr/local/sbin
PATH: /usr/sbin
PATH: /sbin
PATH: /opt/java/bin
PATH: /opt/java/db/bin
PATH: /opt/java/jre/bin
PATH: /usr/bin/vendor_perl
PATH: /usr/bin/core_perl


## ----------- ##
## Core tests. ##
## ----------- ##

configure:2718: checking for a BSD-compatible install
configure:2786: result: /bin/install -c
configure:2797: checking whether build environment is sane
configure:2834: result: yes
configure:2864: checking for gawk
configure:2880: found /usr/bin/gawk
configure:2891: result: gawk
configure:2902: checking whether make sets $(MAKE)
configure:2924: result: yes
configure:3099: checking whether to enable maintainer-specific portions of Makefiles
configure:3108: result: no
configure:3174: checking for gcc
configure:3190: found /usr/bin/gcc
configure:3201: result: gcc
configure:3430: checking for C compiler version
configure:3439: gcc --version >&5
gcc (GCC) 4.6.1 20110819 (prerelease)
Copyright (C) 2011 Free Software Foundation, Inc.
This is free software; see the source for copying conditions.  There is NO
warranty; not even for MERCHANTABILITY or FITNESS FOR A PARTICULAR PURPOSE.

configure:3450: $? = 0
configure:3439: gcc -v >&5
Using built-in specs.
COLLECT_GCC=gcc
COLLECT_LTO_WRAPPER=/usr/lib/gcc/x86_64-unknown-linux-gnu/4.6.1/lto-wrapper
Target: x86_64-unknown-linux-gnu
Configured with: /build/src/gcc-4.6-20110819/configure --prefix=/usr --libdir=/usr/lib --libexecdir=/usr/lib --mandir=/usr/share/man --infodir=/usr/share/info --with-bugurl=https://bugs.archlinux.org/ --enable-languages=c,c++,ada,fortran,go,lto,objc,obj-c++ --enable-shared --enable-threads=posix --with-system-zlib --enable-__cxa_atexit --disable-libunwind-exceptions --enable-clocale=gnu --enable-gnu-unique-object --enable-linker-build-id --with-ppl --enable-cloog-backend=isl --enable-lto --enable-gold --enable-ld=default --enable-plugin --with-plugin-ld=ld.gold --disable-multilib --disable-libssp --disable-libstdcxx-pch --enable-checking=release
Thread model: posix
gcc version 4.6.1 20110819 (prerelease) (GCC) 
configure:3450: $? = 0
configure:3439: gcc -V >&5
gcc: error: unrecognized option '-V'
gcc: fatal error: no input files
compilation terminated.
configure:3450: $? = 1
configure:3439: gcc -qversion >&5
gcc: error: unrecognized option '-qversion'
gcc: fatal error: no input files
compilation terminated.
configure:3450: $? = 1
configure:3470: checking whether the C compiler works
configure:3492: gcc    conftest.c  >&5
configure:3496: $? = 0
configure:3544: result: yes
configure:3547: checking for C compiler default output file name
configure:3549: result: a.out
configure:3555: checking for suffix of executables
configure:3562: gcc -o conftest    conftest.c  >&5
configure:3566: $? = 0
configure:3588: result: 
configure:3610: checking whether we are cross compiling
configure:3618: gcc -o conftest    conftest.c  >&5
configure:3622: $? = 0
configure:3629: ./conftest
configure:3633: $? = 0
configure:3648: result: no
configure:3653: checking for suffix of object files
configure:3675: gcc -c   conftest.c >&5
configure:3679: $? = 0
configure:3700: result: o
configure:3704: checking whether we are using the GNU C compiler
configure:3723: gcc -c   conftest.c >&5
configure:3723: $? = 0
configure:3732: result: yes
configure:3741: checking whether gcc accepts -g
configure:3761: gcc -c -g  conftest.c >&5
configure:3761: $? = 0
configure:3802: result: yes
configure:3819: checking for gcc option to accept ISO C89
configure:3883: gcc  -c -g -O2  conftest.c >&5
configure:3883: $? = 0
configure:3896: result: none needed
configure:3927: checking for style of include used by make
configure:3955: result: GNU
configure:3983: checking dependency style of gcc
configure:4066: result: gcc3
configure:4141: checking for g++
configure:4157: found /usr/bin/g++
configure:4168: result: g++
configure:4195: checking for C++ compiler version
configure:4204: g++ --version >&5
g++ (GCC) 4.6.1 20110819 (prerelease)
Copyright (C) 2011 Free Software Foundation, Inc.
This is free software; see the source for copying conditions.  There is NO
warranty; not even for MERCHANTABILITY or FITNESS FOR A PARTICULAR PURPOSE.

configure:4215: $? = 0
configure:4204: g++ -v >&5
Using built-in specs.
COLLECT_GCC=g++
COLLECT_LTO_WRAPPER=/usr/lib/gcc/x86_64-unknown-linux-gnu/4.6.1/lto-wrapper
Target: x86_64-unknown-linux-gnu
Configured with: /build/src/gcc-4.6-20110819/configure --prefix=/usr --libdir=/usr/lib --libexecdir=/usr/lib --mandir=/usr/share/man --infodir=/usr/share/info --with-bugurl=https://bugs.archlinux.org/ --enable-languages=c,c++,ada,fortran,go,lto,objc,obj-c++ --enable-shared --enable-threads=posix --with-system-zlib --enable-__cxa_atexit --disable-libunwind-exceptions --enable-clocale=gnu --enable-gnu-unique-object --enable-linker-build-id --with-ppl --enable-cloog-backend=isl --enable-lto --enable-gold --enable-ld=default --enable-plugin --with-plugin-ld=ld.gold --disable-multilib --disable-libssp --disable-libstdcxx-pch --enable-checking=release
Thread model: posix
gcc version 4.6.1 20110819 (prerelease) (GCC) 
configure:4215: $? = 0
configure:4204: g++ -V >&5
g++: error: unrecognized option '-V'
g++: fatal error: no input files
compilation terminated.
configure:4215: $? = 1
configure:4204: g++ -qversion >&5
g++: error: unrecognized option '-qversion'
g++: fatal error: no input files
compilation terminated.
configure:4215: $? = 1
configure:4219: checking whether we are using the GNU C++ compiler
configure:4238: g++ -c   conftest.cpp >&5
configure:4238: $? = 0
configure:4247: result: yes
configure:4256: checking whether g++ accepts -g
configure:4276: g++ -c -g  conftest.cpp >&5
configure:4276: $? = 0
configure:4317: result: yes
configure:4342: checking dependency style of g++
configure:4425: result: gcc3
configure:4448: checking how to run the C preprocessor
configure:4479: gcc -E  conftest.c
configure:4479: $? = 0
configure:4493: gcc -E  conftest.c
conftest.c:11:28: fatal error: ac_nonexistent.h: No such file or directory
compilation terminated.
configure:4493: $? = 1
configure: failed program was:
| /* confdefs.h */
| #define PACKAGE_NAME ""
| #define PACKAGE_TARNAME ""
| #define PACKAGE_VERSION ""
| #define PACKAGE_STRING ""
| #define PACKAGE_BUGREPORT ""
| #define PACKAGE_URL ""
| #define PACKAGE "httrack"
| #define VERSION "3.44.1"
| /* end confdefs.h.  */
| #include <ac_nonexistent.h>
configure:4518: result: gcc -E
configure:4538: gcc -E  conftest.c
configure:4538: $? = 0
configure:4552: gcc -E  conftest.c
conftest.c:11:28: fatal error: ac_nonexistent.h: No such file or directory
compilation terminated.
configure:4552: $? = 1
configure: failed program was:
| /* confdefs.h */
| #define PACKAGE_NAME ""
| #define PACKAGE_TARNAME ""
| #define PACKAGE_VERSION ""
| #define PACKAGE_STRING ""
| #define PACKAGE_BUGREPORT ""
| #define PACKAGE_URL ""
| #define PACKAGE "httrack"
| #define VERSION "3.44.1"
| /* end confdefs.h.  */
| #include <ac_nonexistent.h>
configure:4581: checking for grep that handles long lines and -e
configure:4639: result: /bin/grep
configure:4644: checking for egrep
configure:4706: result: /bin/grep -E
configure:4711: checking for ANSI C header files
configure:4731: gcc -c -g -O2  conftest.c >&5
configure:4731: $? = 0
configure:4804: gcc -o conftest -g -O2   conftest.c  >&5
configure:4804: $? = 0
configure:4804: ./conftest
configure:4804: $? = 0
configure:4815: result: yes
configure:4852: checking build system type
configure:4866: result: x86_64-unknown-linux-gnu
configure:4886: checking host system type
configure:4899: result: x86_64-unknown-linux-gnu
configure:4919: checking for a sed that does not truncate output
configure:4983: result: /bin/sed
configure:5001: checking for fgrep
configure:5063: result: /bin/grep -F
configure:5098: checking for ld used by gcc
configure:5165: result: /usr/bin/ld
configure:5172: checking if the linker (/usr/bin/ld) is GNU ld
configure:5187: result: yes
configure:5199: checking for BSD- or MS-compatible name lister (nm)
configure:5248: result: /usr/bin/nm -B
configure:5366: checking the name lister (/usr/bin/nm -B) interface
configure:5373: gcc -c -g -O2  conftest.c >&5
configure:5376: /usr/bin/nm -B "conftest.o"
configure:5379: output
0000000000000000 B some_variable
configure:5386: result: BSD nm
configure:5389: checking whether ln -s works
configure:5393: result: yes
configure:5401: checking the maximum length of command line arguments
configure:5521: result: 1572864
configure:5538: checking whether the shell understands some XSI constructs
configure:5548: result: yes
configure:5552: checking whether the shell understands "+="
configure:5558: result: yes
configure:5593: checking for /usr/bin/ld option to reload object files
configure:5600: result: -r
configure:5669: checking for objdump
configure:5685: found /usr/bin/objdump
configure:5696: result: objdump
configure:5728: checking how to recognize dependent libraries
configure:5924: result: pass_all
configure:5984: checking for ar
configure:6000: found /usr/bin/ar
configure:6011: result: ar
configure:6089: checking for strip
configure:6105: found /usr/bin/strip
configure:6116: result: strip
configure:6188: checking for ranlib
configure:6204: found /usr/bin/ranlib
configure:6215: result: ranlib
configure:6305: checking command to parse /usr/bin/nm -B output from gcc object
configure:6423: gcc -c -g -O2  conftest.c >&5
configure:6426: $? = 0
configure:6430: /usr/bin/nm -B conftest.o \| sed -n -e 's/^.*[	 ]\([ABCDGIRSTW][ABCDGIRSTW]*\)[	 ][	 ]*\([_A-Za-z][_A-Za-z0-9]*\)$/\1 \2 \2/p' \> conftest.nm
configure:6433: $? = 0
configure:6487: gcc -o conftest -g -O2   conftest.c conftstm.o >&5
configure:6490: $? = 0
configure:6528: result: ok
configure:6623: gcc -c -g -O2  conftest.c >&5
configure:6626: $? = 0
configure:7336: checking for sys/types.h
configure:7336: gcc -c -g -O2  conftest.c >&5
configure:7336: $? = 0
configure:7336: result: yes
configure:7336: checking for sys/stat.h
configure:7336: gcc -c -g -O2  conftest.c >&5
configure:7336: $? = 0
configure:7336: result: yes
configure:7336: checking for stdlib.h
configure:7336: gcc -c -g -O2  conftest.c >&5
configure:7336: $? = 0
configure:7336: result: yes
configure:7336: checking for string.h
configure:7336: gcc -c -g -O2  conftest.c >&5
configure:7336: $? = 0
configure:7336: result: yes
configure:7336: checking for memory.h
configure:7336: gcc -c -g -O2  conftest.c >&5
configure:7336: $? = 0
configure:7336: result: yes
configure:7336: checking for strings.h
configure:7336: gcc -c -g -O2  conftest.c >&5
configure:7336: $? = 0
configure:7336: result: yes
configure:7336: checking for inttypes.h
configure:7336: gcc -c -g -O2  conftest.c >&5
configure:7336: $? = 0
configure:7336: result: yes
configure:7336: checking for stdint.h
configure:7336: gcc -c -g -O2  conftest.c >&5
configure:7336: $? = 0
configure:7336: result: yes
configure:7336: checking for unistd.h
configure:7336: gcc -c -g -O2  conftest.c >&5
configure:7336: $? = 0
configure:7336: result: yes
configure:7350: checking for dlfcn.h
configure:7350: gcc -c -g -O2  conftest.c >&5
configure:7350: $? = 0
configure:7350: result: yes
configure:7475: checking for C++ compiler version
configure:7484: g++ --version >&5
g++ (GCC) 4.6.1 20110819 (prerelease)
Copyright (C) 2011 Free Software Foundation, Inc.
This is free software; see the source for copying conditions.  There is NO
warranty; not even for MERCHANTABILITY or FITNESS FOR A PARTICULAR PURPOSE.

configure:7495: $? = 0
configure:7484: g++ -v >&5
Using built-in specs.
COLLECT_GCC=g++
COLLECT_LTO_WRAPPER=/usr/lib/gcc/x86_64-unknown-linux-gnu/4.6.1/lto-wrapper
Target: x86_64-unknown-linux-gnu
Configured with: /build/src/gcc-4.6-20110819/configure --prefix=/usr --libdir=/usr/lib --libexecdir=/usr/lib --mandir=/usr/share/man --infodir=/usr/share/info --with-bugurl=https://bugs.archlinux.org/ --enable-languages=c,c++,ada,fortran,go,lto,objc,obj-c++ --enable-shared --enable-threads=posix --with-system-zlib --enable-__cxa_atexit --disable-libunwind-exceptions --enable-clocale=gnu --enable-gnu-unique-object --enable-linker-build-id --with-ppl --enable-cloog-backend=isl --enable-lto --enable-gold --enable-ld=default --enable-plugin --with-plugin-ld=ld.gold --disable-multilib --disable-libssp --disable-libstdcxx-pch --enable-checking=release
Thread model: posix
gcc version 4.6.1 20110819 (prerelease) (GCC) 
configure:7495: $? = 0
configure:7484: g++ -V >&5
g++: error: unrecognized option '-V'
g++: fatal error: no input files
compilation terminated.
configure:7495: $? = 1
configure:7484: g++ -qversion >&5
g++: error: unrecognized option '-qversion'
g++: fatal error: no input files
compilation terminated.
configure:7495: $? = 1
configure:7499: checking whether we are using the GNU C++ compiler
configure:7527: result: yes
configure:7536: checking whether g++ accepts -g
configure:7597: result: yes
configure:7622: checking dependency style of g++
configure:7705: result: gcc3
configure:7730: checking how to run the C++ preprocessor
configure:7757: g++ -E  conftest.cpp
configure:7757: $? = 0
configure:7771: g++ -E  conftest.cpp
conftest.cpp:22:28: fatal error: ac_nonexistent.h: No such file or directory
compilation terminated.
configure:7771: $? = 1
configure: failed program was:
| /* confdefs.h */
| #define PACKAGE_NAME ""
| #define PACKAGE_TARNAME ""
| #define PACKAGE_VERSION ""
| #define PACKAGE_STRING ""
| #define PACKAGE_BUGREPORT ""
| #define PACKAGE_URL ""
| #define PACKAGE "httrack"
| #define VERSION "3.44.1"
| #define STDC_HEADERS 1
| #define HAVE_SYS_TYPES_H 1
| #define HAVE_SYS_STAT_H 1
| #define HAVE_STDLIB_H 1
| #define HAVE_STRING_H 1
| #define HAVE_MEMORY_H 1
| #define HAVE_STRINGS_H 1
| #define HAVE_INTTYPES_H 1
| #define HAVE_STDINT_H 1
| #define HAVE_UNISTD_H 1
| #define HAVE_DLFCN_H 1
| /* end confdefs.h.  */
| #include <ac_nonexistent.h>
configure:7796: result: g++ -E
configure:7816: g++ -E  conftest.cpp
configure:7816: $? = 0
configure:7830: g++ -E  conftest.cpp
conftest.cpp:22:28: fatal error: ac_nonexistent.h: No such file or directory
compilation terminated.
configure:7830: $? = 1
configure: failed program was:
| /* confdefs.h */
| #define PACKAGE_NAME ""
| #define PACKAGE_TARNAME ""
| #define PACKAGE_VERSION ""
| #define PACKAGE_STRING ""
| #define PACKAGE_BUGREPORT ""
| #define PACKAGE_URL ""
| #define PACKAGE "httrack"
| #define VERSION "3.44.1"
| #define STDC_HEADERS 1
| #define HAVE_SYS_TYPES_H 1
| #define HAVE_SYS_STAT_H 1
| #define HAVE_STDLIB_H 1
| #define HAVE_STRING_H 1
| #define HAVE_MEMORY_H 1
| #define HAVE_STRINGS_H 1
| #define HAVE_INTTYPES_H 1
| #define HAVE_STDINT_H 1
| #define HAVE_UNISTD_H 1
| #define HAVE_DLFCN_H 1
| /* end confdefs.h.  */
| #include <ac_nonexistent.h>
configure:8036: checking for objdir
configure:8051: result: .libs
configure:8343: checking if gcc supports -fno-rtti -fno-exceptions
configure:8361: gcc -c -g -O2  -fno-rtti -fno-exceptions conftest.c >&5
cc1: warning: command line option '-fno-rtti' is valid for C++/ObjC++ but not for C [enabled by default]
configure:8365: $? = 0
configure:8378: result: no
configure:8398: checking for gcc option to produce PIC
configure:8670: result: -fPIC -DPIC
configure:8682: checking if gcc PIC flag -fPIC -DPIC works
configure:8700: gcc -c -g -O2  -fPIC -DPIC -DPIC conftest.c >&5
configure:8704: $? = 0
configure:8717: result: yes
configure:8741: checking if gcc static flag -static works
configure:8769: result: yes
configure:8784: checking if gcc supports -c -o file.o
configure:8805: gcc -c -g -O2  -o out/conftest2.o conftest.c >&5
configure:8809: $? = 0
configure:8831: result: yes
configure:8839: checking if gcc supports -c -o file.o
configure:8886: result: yes
configure:8919: checking whether the gcc linker (/usr/bin/ld -m elf_x86_64) supports shared libraries
configure:9910: result: yes
configure:9947: checking whether -lc should be explicitly linked in
configure:9952: gcc -c -g -O2  conftest.c >&5
configure:9955: $? = 0
configure:9970: gcc -shared conftest.o  -v -Wl,-soname -Wl,conftest -o conftest 2\>\&1 \| /bin/grep  -lc  \>/dev/null 2\>\&1
configure:9973: $? = 0
configure:9985: result: no
configure:10149: checking dynamic linker characteristics
configure:10582: gcc -o conftest -g -O2   -Wl,-rpath -Wl,/foo conftest.c  >&5
configure:10582: $? = 0
configure:10812: result: GNU/Linux ld.so
configure:10914: checking how to hardcode library paths into programs
configure:10939: result: immediate
configure:11459: checking whether stripping libraries is possible
configure:11464: result: yes
configure:11499: checking if libtool supports shared libraries
configure:11501: result: yes
configure:11504: checking whether to build shared libraries
configure:11525: result: yes
configure:11528: checking whether to build static libraries
configure:11532: result: yes
configure:11682: checking for ld used by g++
configure:11749: result: /usr/bin/ld -m elf_x86_64
configure:11756: checking if the linker (/usr/bin/ld -m elf_x86_64) is GNU ld
configure:11771: result: yes
configure:11826: checking whether the g++ linker (/usr/bin/ld -m elf_x86_64) supports shared libraries
configure:12739: result: yes
configure:12767: g++ -c -g -O2  conftest.cpp >&5
configure:12770: $? = 0
configure:12952: checking for g++ option to produce PIC
configure:13269: result: -fPIC -DPIC
configure:13278: checking if g++ PIC flag -fPIC -DPIC works
configure:13296: g++ -c -g -O2  -fPIC -DPIC -DPIC conftest.cpp >&5
configure:13300: $? = 0
configure:13313: result: yes
configure:13334: checking if g++ static flag -static works
configure:13362: result: yes
configure:13374: checking if g++ supports -c -o file.o
configure:13395: g++ -c -g -O2  -o out/conftest2.o conftest.cpp >&5
configure:13399: $? = 0
configure:13421: result: yes
configure:13426: checking if g++ supports -c -o file.o
configure:13473: result: yes
configure:13503: checking whether the g++ linker (/usr/bin/ld -m elf_x86_64) supports shared libraries
configure:13532: result: yes
configure:13669: checking dynamic linker characteristics
configure:14050: g++ -o conftest -g -O2   -Wl,-rpath -Wl,/foo conftest.cpp  >&5
configure:14050: $? = 0
configure:14280: result: GNU/Linux ld.so
configure:14331: checking how to hardcode library paths into programs
configure:14356: result: immediate
configure:14414: checking whether ln -s works
configure:14418: result: yes
configure:14447: checking size of long
configure:14452: gcc -o conftest -g -O2   conftest.c  >&5
configure:14452: $? = 0
configure:14452: ./conftest
configure:14452: $? = 0
configure:14466: result: 8
configure:14480: checking size of long long
configure:14485: gcc -o conftest -g -O2   conftest.c  >&5
configure:14485: $? = 0
configure:14485: ./conftest
configure:14485: $? = 0
configure:14499: result: 8
configure:14512: checking long printf format
configure:14527: gcc -o conftest -g -O2   conftest.c  >&5
conftest.c: In function 'main':
conftest.c:27:10: warning: incompatible implicit declaration of built-in function 'exit' [enabled by default]
configure:14527: $? = 0
configure:14527: ./conftest
configure:14527: $? = 0
configure:14528: result: found
configure:14705: checking for in_addr_t
configure:14705: gcc -c -g -O2  conftest.c >&5
configure:14705: $? = 0
configure:14705: gcc -c -g -O2  conftest.c >&5
conftest.c: In function 'main':
conftest.c:33:24: error: expected expression before ')' token
configure:14705: $? = 1
configure: failed program was:
| /* confdefs.h */
| #define PACKAGE_NAME ""
| #define PACKAGE_TARNAME ""
| #define PACKAGE_VERSION ""
| #define PACKAGE_STRING ""
| #define PACKAGE_BUGREPORT ""
| #define PACKAGE_URL ""
| #define PACKAGE "httrack"
| #define VERSION "3.44.1"
| #define STDC_HEADERS 1
| #define HAVE_SYS_TYPES_H 1
| #define HAVE_SYS_STAT_H 1
| #define HAVE_STDLIB_H 1
| #define HAVE_STRING_H 1
| #define HAVE_MEMORY_H 1
| #define HAVE_STRINGS_H 1
| #define HAVE_INTTYPES_H 1
| #define HAVE_STDINT_H 1
| #define HAVE_UNISTD_H 1
| #define HAVE_DLFCN_H 1
| #define LT_OBJDIR ".libs/"
| #define SIZEOF_LONG 8
| #define SIZEOF_LONG_LONG 8
| #define LLINT_FORMAT "%ld"
| #define LLINT_TYPE long int
| /* end confdefs.h.  */
| #include <sys/types.h>
| #include <netinet/in.h>
| 
| int
| main ()
| {
| if (sizeof ((in_addr_t)))
| 	    return 0;
|   ;
|   return 0;
| }
configure:14705: result: yes
configure:14722: checking if zlib is wanted
configure:14737: result: yes
configure:14764: checking for inflateEnd in -lz
configure:14789: gcc -o conftest -g -O2  -I/usr/include  -L/usr/lib conftest.c -lz   >&5
configure:14789: $? = 0
configure:14798: result: yes
configure:14806: checking zlib.h usability
configure:14806: gcc -c -g -O2  -I/usr/include conftest.c >&5
configure:14806: $? = 0
configure:14806: result: yes
configure:14806: checking zlib.h presence
configure:14806: gcc -E  -I/usr/include conftest.c
configure:14806: $? = 0
configure:14806: result: yes
configure:14806: checking for zlib.h
configure:14806: result: yes
configure:14825: checking for inflateEnd in -lz
configure:14859: result: yes
configure:14870: checking zlib in /usr
configure:14872: result: ok
configure:14891: checking for getaddrinfo in -lc
configure:14916: gcc -o conftest -g -O2  -I/usr/include  -L/usr/lib conftest.c -lc  -lz  >&5
configure:14916: $? = 0
configure:14925: result: yes
configure:14940: checking for fopen64 in -lc
configure:14965: gcc -o conftest -g -O2  -I/usr/include  -L/usr/lib conftest.c -lc  -lz  >&5
configure:14965: $? = 0
configure:14974: result: yes
configure:14989: checking for pthread_create in -lpthread
configure:15014: gcc -o conftest -g -O2  -I/usr/include  -L/usr/lib conftest.c -lpthread  -lz  >&5
configure:15014: $? = 0
configure:15023: result: yes
configure:15140: checking for socket in -lsocket
configure:15165: gcc -o conftest -g -O2  -I/usr/include  -L/usr/lib conftest.c -lsocket  -lz  >&5
/usr/bin/ld: cannot find -lsocket
collect2: ld returned 1 exit status
configure:15165: $? = 1
configure: failed program was:
| /* confdefs.h */
| #define PACKAGE_NAME ""
| #define PACKAGE_TARNAME ""
| #define PACKAGE_VERSION ""
| #define PACKAGE_STRING ""
| #define PACKAGE_BUGREPORT ""
| #define PACKAGE_URL ""
| #define PACKAGE "httrack"
| #define VERSION "3.44.1"
| #define STDC_HEADERS 1
| #define HAVE_SYS_TYPES_H 1
| #define HAVE_SYS_STAT_H 1
| #define HAVE_STDLIB_H 1
| #define HAVE_STRING_H 1
| #define HAVE_MEMORY_H 1
| #define HAVE_STRINGS_H 1
| #define HAVE_INTTYPES_H 1
| #define HAVE_STDINT_H 1
| #define HAVE_UNISTD_H 1
| #define HAVE_DLFCN_H 1
| #define LT_OBJDIR ".libs/"
| #define SIZEOF_LONG 8
| #define SIZEOF_LONG_LONG 8
| #define LLINT_FORMAT "%ld"
| #define LLINT_TYPE long int
| #define HTS_DO_NOT_REDEFINE_in_addr_t /**/
| #define HAVE_LIBZ 1
| #define HTS_INET6 1
| #define HTS_LFS 1
| #define THREADS 1
| /* end confdefs.h.  */
| 
| /* Override any GCC internal prototype to avoid an error.
|    Use char because int might match the return type of a GCC
|    builtin and then its argument prototype would still apply.  */
| #ifdef __cplusplus
| extern "C"
| #endif
| char socket ();
| int
| main ()
| {
| return socket ();
|   ;
|   return 0;
| }
configure:15174: result: no
configure:15182: result: not necessary
configure:15189: checking for dlopen in -ldl
configure:15214: gcc -o conftest -g -O2  -I/usr/include  -L/usr/lib conftest.c -ldl  -lz  >&5
configure:15214: $? = 0
configure:15223: result: yes
configure:15288: checking for ftime in -lc
configure:15313: gcc -o conftest -g -O2  -I/usr/include  -L/usr/lib conftest.c -lc  -lz  >&5
configure:15313: $? = 0
configure:15322: result: yes
configure:15336: checking for setuid in -lc
configure:15361: gcc -o conftest -g -O2  -I/usr/include  -L/usr/lib conftest.c -lc  -lz  >&5
configure:15361: $? = 0
configure:15370: result: yes
configure:15387: checking for snprintf
configure:15387: gcc -o conftest -g -O2  -I/usr/include  -L/usr/lib conftest.c -lz  >&5
conftest.c:58:6: warning: conflicting types for built-in function 'snprintf' [enabled by default]
configure:15387: $? = 0
configure:15387: result: yes
configure:15387: checking for vsnprintf
configure:15387: gcc -o conftest -g -O2  -I/usr/include  -L/usr/lib conftest.c -lz  >&5
conftest.c:59:6: warning: conflicting types for built-in function 'vsnprintf' [enabled by default]
configure:15387: $? = 0
configure:15387: result: yes
configure:15396: checking for working snprintf
configure:15422: gcc -o conftest -g -O2  -I/usr/include  -L/usr/lib conftest.c -lz  >&5
conftest.c: In function 'main':
conftest.c:45:29: warning: incompatible implicit declaration of built-in function 'exit' [enabled by default]
configure:15422: $? = 0
configure:15422: ./conftest
configure:15422: $? = 0
configure:15433: result: yes
configure:15435: checking for working vsnprintf
configure:15472: gcc -o conftest -g -O2  -I/usr/include  -L/usr/lib conftest.c -lz  >&5
conftest.c: In function 'main':
conftest.c:56:29: warning: incompatible implicit declaration of built-in function 'exit' [enabled by default]
configure:15472: $? = 0
configure:15472: ./conftest
configure:15472: $? = 0
configure:15483: result: yes
configure:15624: creating ./config.status

## ---------------------- ##
## Running config.status. ##
## ---------------------- ##

This file was extended by config.status, which was
generated by GNU Autoconf 2.67.  Invocation command line was

  CONFIG_FILES    = 
  CONFIG_HEADERS  = 
  CONFIG_LINKS    = 
  CONFIG_COMMANDS = 
  $ ./config.status 

on siegleal-1

config.status:1154: creating Makefile
config.status:1154: creating src/Makefile
config.status:1154: creating man/Makefile
config.status:1154: creating m4/Makefile
config.status:1154: creating templates/Makefile
config.status:1154: creating lang/Makefile
config.status:1154: creating html/Makefile
config.status:1154: creating libtest/Makefile
config.status:1154: creating config.h
config.status:1375: executing depfiles commands
config.status:1375: executing libtool commands

## ---------------- ##
## Cache variables. ##
## ---------------- ##

ac_cv_build=x86_64-unknown-linux-gnu
ac_cv_c_compiler_gnu=yes
ac_cv_cxx_compiler_gnu=yes
ac_cv_env_CCC_set=
ac_cv_env_CCC_value=
ac_cv_env_CC_set=
ac_cv_env_CC_value=
ac_cv_env_CFLAGS_set=
ac_cv_env_CFLAGS_value=
ac_cv_env_CPPFLAGS_set=
ac_cv_env_CPPFLAGS_value=
ac_cv_env_CPP_set=
ac_cv_env_CPP_value=
ac_cv_env_CXXCPP_set=
ac_cv_env_CXXCPP_value=
ac_cv_env_CXXFLAGS_set=
ac_cv_env_CXXFLAGS_value=
ac_cv_env_CXX_set=
ac_cv_env_CXX_value=
ac_cv_env_LDFLAGS_set=
ac_cv_env_LDFLAGS_value=
ac_cv_env_LIBS_set=
ac_cv_env_LIBS_value=
ac_cv_env_build_alias_set=
ac_cv_env_build_alias_value=
ac_cv_env_host_alias_set=
ac_cv_env_host_alias_value=
ac_cv_env_target_alias_set=
ac_cv_env_target_alias_value=
ac_cv_func_snprintf=yes
ac_cv_func_vsnprintf=yes
ac_cv_have_working_snprintf=yes
ac_cv_have_working_vsnprintf=yes
ac_cv_header_dlfcn_h=yes
ac_cv_header_inttypes_h=yes
ac_cv_header_memory_h=yes
ac_cv_header_stdc=yes
ac_cv_header_stdint_h=yes
ac_cv_header_stdlib_h=yes
ac_cv_header_string_h=yes
ac_cv_header_strings_h=yes
ac_cv_header_sys_stat_h=yes
ac_cv_header_sys_types_h=yes
ac_cv_header_unistd_h=yes
ac_cv_header_zlib_h=yes
ac_cv_host=x86_64-unknown-linux-gnu
ac_cv_lib_c_fopen64=yes
ac_cv_lib_c_ftime=yes
ac_cv_lib_c_getaddrinfo=yes
ac_cv_lib_c_setuid=yes
ac_cv_lib_dl_dlopen=yes
ac_cv_lib_pthread_pthread_create=yes
ac_cv_lib_socket_socket=no
ac_cv_lib_z_inflateEnd=yes
ac_cv_objext=o
ac_cv_path_EGREP='/bin/grep -E'
ac_cv_path_FGREP='/bin/grep -F'
ac_cv_path_GREP=/bin/grep
ac_cv_path_SED=/bin/sed
ac_cv_path_install='/bin/install -c'
ac_cv_prog_AWK=gawk
ac_cv_prog_CPP='gcc -E'
ac_cv_prog_CXXCPP='g++ -E'
ac_cv_prog_ac_ct_AR=ar
ac_cv_prog_ac_ct_CC=gcc
ac_cv_prog_ac_ct_CXX=g++
ac_cv_prog_ac_ct_OBJDUMP=objdump
ac_cv_prog_ac_ct_RANLIB=ranlib
ac_cv_prog_ac_ct_STRIP=strip
ac_cv_prog_cc_c89=
ac_cv_prog_cc_g=yes
ac_cv_prog_cxx_g=yes
ac_cv_prog_make_make_set=yes
ac_cv_sizeof_long=8
ac_cv_sizeof_long_long=8
ac_cv_type_in_addr_t=yes
am_cv_CC_dependencies_compiler_type=gcc3
am_cv_CXX_dependencies_compiler_type=gcc3
lt_cv_deplibs_check_method=pass_all
lt_cv_file_magic_cmd='$MAGIC_CMD'
lt_cv_file_magic_test_file=
lt_cv_ld_reload_flag=-r
lt_cv_nm_interface='BSD nm'
lt_cv_objdir=.libs
lt_cv_path_LD=/usr/bin/ld
lt_cv_path_LDCXX='/usr/bin/ld -m elf_x86_64'
lt_cv_path_NM='/usr/bin/nm -B'
lt_cv_prog_compiler_c_o=yes
lt_cv_prog_compiler_c_o_CXX=yes
lt_cv_prog_compiler_pic_works=yes
lt_cv_prog_compiler_pic_works_CXX=yes
lt_cv_prog_compiler_rtti_exceptions=no
lt_cv_prog_compiler_static_works=yes
lt_cv_prog_compiler_static_works_CXX=yes
lt_cv_prog_gnu_ld=yes
lt_cv_prog_gnu_ldcxx=yes
lt_cv_sys_global_symbol_pipe='sed -n -e '\''s/^.*[	 ]\([ABCDGIRSTW][ABCDGIRSTW]*\)[	 ][	 ]*\([_A-Za-z][_A-Za-z0-9]*\)$/\1 \2 \2/p'\'''
lt_cv_sys_global_symbol_to_c_name_address='sed -n -e '\''s/^: \([^ ]*\) $/  {\"\1\", (void *) 0},/p'\'' -e '\''s/^[ABCDGIRSTW]* \([^ ]*\) \([^ ]*\)$/  {"\2", (void *) \&\2},/p'\'''
lt_cv_sys_global_symbol_to_c_name_address_lib_prefix='sed -n -e '\''s/^: \([^ ]*\) $/  {\"\1\", (void *) 0},/p'\'' -e '\''s/^[ABCDGIRSTW]* \([^ ]*\) \(lib[^ ]*\)$/  {"\2", (void *) \&\2},/p'\'' -e '\''s/^[ABCDGIRSTW]* \([^ ]*\) \([^ ]*\)$/  {"lib\2", (void *) \&\2},/p'\'''
lt_cv_sys_global_symbol_to_cdecl='sed -n -e '\''s/^T .* \(.*\)$/extern int \1();/p'\'' -e '\''s/^[ABCDGIRSTW]* .* \(.*\)$/extern char \1;/p'\'''
lt_cv_sys_max_cmd_len=1572864
zlib_cv_libz=yes
zlib_cv_zlib_h=yes

## ----------------- ##
## Output variables. ##
## ----------------- ##

ACLOCAL='${SHELL} /home/andrew/Crawler/httrack-3.44.1/missing --run aclocal-1.7'
AMDEPBACKSLASH='\'
AMDEP_FALSE='#'
AMDEP_TRUE=''
AMTAR='${SHELL} /home/andrew/Crawler/httrack-3.44.1/missing --run tar'
AR='ar'
AUTOCONF='${SHELL} /home/andrew/Crawler/httrack-3.44.1/missing --run autoconf'
AUTOHEADER='${SHELL} /home/andrew/Crawler/httrack-3.44.1/missing --run autoheader'
AUTOMAKE='${SHELL} /home/andrew/Crawler/httrack-3.44.1/missing --run automake-1.7'
AWK='gawk'
CC='gcc'
CCDEPMODE='depmode=gcc3'
CFLAGS='-g -O2'
CPP='gcc -E'
CPPFLAGS=' -I/usr/include'
CXX='g++'
CXXCPP='g++ -E'
CXXDEPMODE='depmode=gcc3'
CXXFLAGS='-g -O2'
CYGPATH_W='echo'
DEFAULT_CFLAGS='-O -g3 -Wall -Wcast-align -Wstrict-prototypes -Wmissing-prototypes -Wmissing-declarations -Wpointer-arith -Wnested-externs -D_REENTRANT'
DEFS='-DHAVE_CONFIG_H'
DEPDIR='.deps'
DL_LIBS='-ldl'
DSYMUTIL=''
DUMPBIN=''
ECHO_C=''
ECHO_N='-n'
ECHO_T=''
EGREP='/bin/grep -E'
EXEEXT=''
FGREP='/bin/grep -F'
GREP='/bin/grep'
INSTALL_DATA='${INSTALL} -m 644'
INSTALL_PROGRAM='${INSTALL}'
INSTALL_SCRIPT='${INSTALL}'
INSTALL_STRIP_PROGRAM='${SHELL} $(install_sh) -c -s'
LD='/usr/bin/ld -m elf_x86_64'
LDFLAGS=' -L/usr/lib'
LFS_FLAG='-D_FILE_OFFSET_BITS=64 -D_LARGEFILE_SOURCE -D_LARGEFILE64_SOURCE'
LIBOBJS=''
LIBS='-lz '
LIBTOOL='$(SHELL) $(top_builddir)/libtool'
LIPO=''
LN_S='ln -s'
LTLIBOBJS=''
MAINT='#'
MAINTAINER_MODE_FALSE=''
MAINTAINER_MODE_TRUE='#'
MAKEINFO='${SHELL} /home/andrew/Crawler/httrack-3.44.1/missing --run makeinfo'
NM='/usr/bin/nm -B'
NMEDIT=''
OBJDUMP='objdump'
OBJEXT='o'
OTOOL64=''
OTOOL=''
PACKAGE='httrack'
PACKAGE_BUGREPORT=''
PACKAGE_NAME=''
PACKAGE_STRING=''
PACKAGE_TARNAME=''
PACKAGE_URL=''
PACKAGE_VERSION=''
PATH_SEPARATOR=':'
RANLIB='ranlib'
SED='/bin/sed'
SET_MAKE=''
SHELL='/bin/sh'
SOCKET_LIBS=''
STRIP='strip'
THREADS_CFLAGS=''
THREADS_LIBS='-lpthread'
V6_FLAG='-DINET6'
VERSION='3.44.1'
VERSION_INFO='2:44:0'
ac_ct_CC='gcc'
ac_ct_CXX='g++'
ac_ct_DUMPBIN=''
am__fastdepCC_FALSE='#'
am__fastdepCC_TRUE=''
am__fastdepCXX_FALSE='#'
am__fastdepCXX_TRUE=''
am__include='include'
am__leading_dot='.'
am__quote=''
bindir='${exec_prefix}/bin'
build='x86_64-unknown-linux-gnu'
build_alias=''
build_cpu='x86_64'
build_os='linux-gnu'
build_vendor='unknown'
datadir='${datarootdir}'
datarootdir='${prefix}/share'
docdir='${datarootdir}/doc/${PACKAGE}'
dvidir='${docdir}'
exec_prefix='${prefix}'
host='x86_64-unknown-linux-gnu'
host_alias=''
host_cpu='x86_64'
host_os='linux-gnu'
host_vendor='unknown'
htmldir='${docdir}'
includedir='${prefix}/include'
infodir='${datarootdir}/info'
install_sh='/home/andrew/Crawler/httrack-3.44.1/install-sh'
libdir='${exec_prefix}/lib'
libexecdir='${exec_prefix}/libexec'
localedir='${datarootdir}/locale'
localstatedir='${prefix}/var'
lt_ECHO='echo'
mandir='${datarootdir}/man'
oldincludedir='/usr/include'
pdfdir='${docdir}'
prefix='/usr/local'
program_transform_name='s,x,x,'
psdir='${docdir}'
sbindir='${exec_prefix}/sbin'
sharedstatedir='${prefix}/com'
sysconfdir='${prefix}/etc'
target_alias=''

## ----------- ##
## confdefs.h. ##
## ----------- ##

/* confdefs.h */
#define PACKAGE_NAME ""
#define PACKAGE_TARNAME ""
#define PACKAGE_VERSION ""
#define PACKAGE_STRING ""
#define PACKAGE_BUGREPORT ""
#define PACKAGE_URL ""
#define PACKAGE "httrack"
#define VERSION "3.44.1"
#define STDC_HEADERS 1
#define HAVE_SYS_TYPES_H 1
#define HAVE_SYS_STAT_H 1
#define HAVE_STDLIB_H 1
#define HAVE_STRING_H 1
#define HAVE_MEMORY_H 1
#define HAVE_STRINGS_H 1
#define HAVE_INTTYPES_H 1
#define HAVE_STDINT_H 1
#define HAVE_UNISTD_H 1
#define HAVE_DLFCN_H 1
#define LT_OBJDIR ".libs/"
#define SIZEOF_LONG 8
#define SIZEOF_LONG_LONG 8
#define LLINT_FORMAT "%ld"
#define LLINT_TYPE long int
#define HTS_DO_NOT_REDEFINE_in_addr_t /**/
#define HAVE_LIBZ 1
#define HTS_INET6 1
#define HTS_LFS 1
#define THREADS 1
#define DLLIB 1
#define FTIME 1
#define SETUID 1
#define HAVE_SNPRINTF 1
#define HAVE_VSNPRINTF 1

configure: exit 0
